TN:
SF:/Users/ricardopereira/workspace/personal/ng-on-http-stable/src/ng-on-http-stable-config.js
FN:7,OnHttpStableConfig
FN:8,OutstandingRequestsInterceptor
FN:10,request
FN:14,requestError
FN:18,response
FN:22,responseError
FNF:6
FNH:6
FNDA:1,OnHttpStableConfig
FNDA:1,OutstandingRequestsInterceptor
FNDA:1,request
FNDA:0,requestError
FNDA:1,response
FNDA:0,responseError
DA:0,1
DA:33,1
LF:2
LH:2
BRF:0
BRH:0
end_of_record
TN:
SF:/Users/ricardopereira/workspace/personal/ng-on-http-stable/src/ng-on-http-stable-directive.js
FN:6,ngOnHttpStableDirective
FN:8,link
FN:9,(anonymous_3)
FNF:3
FNH:2
FNDA:1,ngOnHttpStableDirective
FNDA:1,link
FNDA:0,(anonymous_3)
DA:0,1
DA:20,1
LF:2
LH:2
BRF:0
BRH:0
end_of_record
TN:
SF:/Users/ricardopereira/workspace/personal/ng-on-http-stable/src/ng-on-http-stable-service.js
FN:6,OnHttpStableService
FN:13,increaseOutsandingRequests
FN:20,completeOutstandingRequest
FN:33,notifyWhenNoOutstandingRequests
FNF:4
FNH:4
FNDA:1,OnHttpStableService
FNDA:1,increaseOutsandingRequests
FNDA:1,completeOutstandingRequest
FNDA:0,notifyWhenNoOutstandingRequests
DA:0,1
DA:29,0
DA:43,1
LF:3
LH:2
BRDA:22,1,0,1
BRDA:22,1,1,0
BRDA:34,2,0,0
BRDA:34,2,1,0
BRF:4
BRH:4
end_of_record
TN:
SF:/Users/ricardopereira/workspace/personal/ng-on-http-stable/src/ng-on-http-stable.js
FN:17,_interopRequireDefault
FNF:1
FNH:1
FNDA:3,_interopRequireDefault
DA:0,3
DA:7,1
DA:9,1
DA:10,1
DA:12,1
LF:5
LH:5
BRDA:18,1,0,3
BRDA:18,1,1,0
BRDA:18,2,0,3
BRDA:18,2,1,3
BRF:4
BRH:4
end_of_record
TN:
SF:/Users/ricardopereira/workspace/personal/ng-on-http-stable/src/templates.js
FN:3,(anonymous_1)
FNF:1
FNH:1
FNDA:1,(anonymous_1)
DA:0,1
DA:1,1
LF:2
LH:2
BRF:0
BRH:0
end_of_record
