TN:
SF:/Users/ricardopereira/workspace/personal/ng-on-http-stable/src/ng-on-http-stable-config.js
FN:7,OnHttpStableConfig
FN:8,OutstandingRequestsInterceptor
FN:10,request
FN:14,requestError
FN:18,response
FN:22,responseError
FNF:6
FNH:4
FNDA:5,OnHttpStableConfig
FNDA:2,OutstandingRequestsInterceptor
FNDA:2,request
FNDA:0,requestError
FNDA:2,response
FNDA:0,responseError
DA:0,5
DA:33,1
LF:2
LH:2
BRF:0
BRH:0
end_of_record
TN:
SF:/Users/ricardopereira/workspace/personal/ng-on-http-stable/src/ng-on-http-stable-directive.js
FN:6,ngOnHttpStableDirective
FN:8,link
FN:9,(anonymous_3)
FNF:3
FNH:3
FNDA:2,ngOnHttpStableDirective
FNDA:2,link
FNDA:1,(anonymous_3)
DA:0,2
DA:20,1
LF:2
LH:2
BRF:0
BRH:0
end_of_record
TN:
SF:/Users/ricardopereira/workspace/personal/ng-on-http-stable/src/ng-on-http-stable-service.js
FN:6,OnHttpStableService
FN:13,increaseOutsandingRequests
FN:20,completeOutstandingRequest
FN:33,notifyWhenNoOutstandingRequests
FNF:4
FNH:4
FNDA:5,OnHttpStableService
FNDA:6,increaseOutsandingRequests
FNDA:5,completeOutstandingRequest
FNDA:5,notifyWhenNoOutstandingRequests
DA:0,6
DA:31,3
DA:43,1
LF:3
LH:3
BRDA:22,1,0,3
BRDA:22,1,1,2
BRDA:34,2,0,3
BRDA:34,2,1,2
BRF:4
BRH:4
end_of_record
TN:
SF:/Users/ricardopereira/workspace/personal/ng-on-http-stable/src/ng-on-http-stable.js
FN:17,_interopRequireDefault
FNF:1
FNH:1
FNDA:3,_interopRequireDefault
DA:0,3
DA:1,1
DA:3,1
DA:4,1
DA:5,1
DA:7,1
DA:9,1
DA:10,1
DA:12,1
LF:9
LH:9
BRDA:18,1,0,3
BRDA:18,1,1,0
BRDA:18,2,0,3
BRDA:18,2,1,3
BRF:4
BRH:4
end_of_record
TN:
SF:/Users/ricardopereira/workspace/personal/ng-on-http-stable/src/templates.js
FN:3,(anonymous_1)
FNF:1
FNH:1
FNDA:5,(anonymous_1)
DA:0,5
DA:1,1
LF:2
LH:2
BRF:0
BRH:0
end_of_record
